<html>
<head>
<title>TestNG:  Default test</title>
<link href="../testng.css" rel="stylesheet" type="text/css" />
<link href="../my-testng.css" rel="stylesheet" type="text/css" />

<style type="text/css">
.log { display: none;} 
.stack-trace { display: none;} 
</style>
<script type="text/javascript">
<!--
function flip(e) {
  current = e.style.display;
  if (current == 'block') {
    e.style.display = 'none';
    return 0;
  }
  else {
    e.style.display = 'block';
    return 1;
  }
}

function toggleBox(szDivId, elem, msg1, msg2)
{
  var res = -1;  if (document.getElementById) {
    res = flip(document.getElementById(szDivId));
  }
  else if (document.all) {
    // this is the way old msie versions work
    res = flip(document.all[szDivId]);
  }
  if(elem) {
    if(res == 0) elem.innerHTML = msg1; else elem.innerHTML = msg2;
  }

}

function toggleAllBoxes() {
  if (document.getElementsByTagName) {
    d = document.getElementsByTagName('div');
    for (i = 0; i < d.length; i++) {
      if (d[i].className == 'log') {
        flip(d[i]);
      }
    }
  }
}

// -->
</script>

</head>
<body>
<h2 align='center'>Default test</h2><table border='1' align="center">
<tr>
<td>Tests passed/Failed/Skipped:</td><td>14/1/14</td>
</tr><tr>
<td>Started on:</td><td>Wed Jan 29 17:43:24 IST 2020</td>
</tr>
<tr><td>Total time:</td><td>657 seconds (657541 ms)</td>
</tr><tr>
<td>Included groups:</td><td></td>
</tr><tr>
<td>Excluded groups:</td><td></td>
</tr>
</table><p/>
<small><i>(Hover the method name to see the test class name)</i></small><p/>
<table width='100%' border='1' class='invocation-failed'>
<tr><td colspan='4' align='center'><b>FAILED CONFIGURATIONS</b></td></tr>
<tr><td><b>Test method</b></td>
<td width="30%"><b>Exception</b></td>
<td width="10%"><b>Time (seconds)</b></td>
<td><b>Instance</b></td>
</tr>
<tr>
<td title='com.enhanzedadmin.qa.testcases.ContentTest.initialization()'><b>initialization</b><br>Test class: com.enhanzedadmin.qa.testcases.ContentTest</td>
<td><div><pre>org.openqa.selenium.NoSuchWindowException: no such window: target window already closed
from unknown error: web view not found
  (Session info: chrome=79.0.3945.130)
Build info: version: &apos;3.141.59&apos;, revision: &apos;e82be7d358&apos;, time: &apos;2018-11-14T08:17:03&apos;
System info: host: &apos;DESKTOP-UQCRR3T&apos;, ip: &apos;192.168.0.106&apos;, os.name: &apos;Windows 10&apos;, os.arch: &apos;amd64&apos;, os.version: &apos;10.0&apos;, java.version: &apos;1.8.0_191&apos;
Driver info: org.openqa.selenium.chrome.ChromeDriver
Capabilities {acceptInsecureCerts: false, browserName: chrome, browserVersion: 79.0.3945.130, chrome: {chromedriverVersion: 78.0.3904.70 (edb9c9f3de024..., userDataDir: C:\Users\VITNIT~1\AppData\L...}, goog:chromeOptions: {debuggerAddress: localhost:59094}, javascriptEnabled: true, networkConnectionEnabled: false, pageLoadStrategy: normal, platform: XP, platformName: XP, proxy: Proxy(), setWindowRect: true, strictFileInteractability: false, timeouts: {implicit: 0, pageLoad: 300000, script: 30000}, unhandledPromptBehavior: dismiss and notify}
Session ID: 6d34d240c39d6dfb000306d82031334e
	at sun.reflect.NativeConstructorAccessorImpl.newInstance0(Native Method)
	at sun.reflect.NativeConstructorAccessorImpl.newInstance(Unknown Source)
	at sun.reflect.DelegatingConstructorAccessorImpl.newInstance(Unknown Source)
	at java.lang.reflect.Constructor.newInstance(Unknown Source)
	at org.openqa.selenium.remote.http.W3CHttpResponseCodec.createException(W3CHttpResponseCodec.java:187)
	at org.openqa.selenium.remote.http.W3CHttpResponseCodec.decode(W3CHttpResponseCodec.java:122)
	at org.openqa.selenium.remote.http.W3CHttpResponseCodec.decode(W3CHttpResponseCodec.java:49)
	at org.openqa.selenium.remote.HttpCommandExecutor.execute(HttpCommandExecutor.java:158)
	at org.openqa.selenium.remote.service.DriverCommandExecutor.execute(DriverCommandExecutor.java:83)
	at org.openqa.selenium.remote.RemoteWebDriver.execute(RemoteWebDriver.java:552)
	at org.openqa.selenium.remote.RemoteWebDriver.execute(RemoteWebDriver.java:609)
	at org.openqa.selenium.remote.RemoteWebDriver$RemoteWebDriverOptions$RemoteWindow.maximize(RemoteWebDriver.java:837)
	at com.enhanzedadmin.qa.base.Testbaseadmin.initialization(Testbaseadmin.java:65)
	at sun.reflect.NativeMethodAccessorImpl.invoke0(Native Method)
	at sun.reflect.NativeMethodAccessorImpl.invoke(Unknown Source)
	at sun.reflect.DelegatingMethodAccessorImpl.invoke(Unknown Source)
	at java.lang.reflect.Method.invoke(Unknown Source)
	at org.testng.internal.MethodInvocationHelper.invokeMethod(MethodInvocationHelper.java:86)
	at org.testng.internal.Invoker.invokeConfigurationMethod(Invoker.java:514)
	at org.testng.internal.Invoker.invokeConfigurations(Invoker.java:215)
	at org.testng.internal.Invoker.invokeMethod(Invoker.java:589)
	at org.testng.internal.Invoker.invokeTestMethod(Invoker.java:822)
	at org.testng.internal.Invoker.invokeTestMethods(Invoker.java:1130)
	at org.testng.internal.TestMethodWorker.invokeTestMethods(TestMethodWorker.java:129)
	at org.testng.internal.TestMethodWorker.run(TestMethodWorker.java:112)
	at org.testng.TestRunner.privateRun(TestRunner.java:782)
	at org.testng.TestRunner.run(TestRunner.java:632)
	at org.testng.SuiteRunner.runTest(SuiteRunner.java:366)
	at org.testng.SuiteRunner.runSequentially(SuiteRunner.java:361)
	at org.testng.SuiteRunner.privateRun(SuiteRunner.java:319)
	at org.testng.SuiteRunner.run(SuiteRunner.java:268)
	at org.testng.SuiteRunnerWorker.runSuite(SuiteRunnerWorker.java:52)
	at org.testng.SuiteRunnerWorker.run(SuiteRunnerWorker.java:86)
	at org.testng.TestNG.runSuitesSequentially(TestNG.java:1244)
	at org.testng.TestNG.runSuitesLocally(TestNG.java:1169)
	at org.testng.TestNG.run(TestNG.java:1064)
	at org.testng.remote.RemoteTestNG.run(RemoteTestNG.java:113)
	at org.testng.remote.RemoteTestNG.initAndRun(RemoteTestNG.java:206)
	at org.testng.remote.RemoteTestNG.main(RemoteTestNG.java:177)
</pre></div><a href='#' onClick='toggleBox("stack-trace561711442", this, "Click to show all stack frames", "Click to hide stack frames")'>Click to show all stack frames</a>
<div class='stack-trace' id='stack-trace561711442'><pre>org.openqa.selenium.NoSuchWindowException: no such window: target window already closed
from unknown error: web view not found
  (Session info: chrome=79.0.3945.130)
Build info: version: &apos;3.141.59&apos;, revision: &apos;e82be7d358&apos;, time: &apos;2018-11-14T08:17:03&apos;
System info: host: &apos;DESKTOP-UQCRR3T&apos;, ip: &apos;192.168.0.106&apos;, os.name: &apos;Windows 10&apos;, os.arch: &apos;amd64&apos;, os.version: &apos;10.0&apos;, java.version: &apos;1.8.0_191&apos;
Driver info: org.openqa.selenium.chrome.ChromeDriver
Capabilities {acceptInsecureCerts: false, browserName: chrome, browserVersion: 79.0.3945.130, chrome: {chromedriverVersion: 78.0.3904.70 (edb9c9f3de024..., userDataDir: C:\Users\VITNIT~1\AppData\L...}, goog:chromeOptions: {debuggerAddress: localhost:59094}, javascriptEnabled: true, networkConnectionEnabled: false, pageLoadStrategy: normal, platform: XP, platformName: XP, proxy: Proxy(), setWindowRect: true, strictFileInteractability: false, timeouts: {implicit: 0, pageLoad: 300000, script: 30000}, unhandledPromptBehavior: dismiss and notify}
Session ID: 6d34d240c39d6dfb000306d82031334e
	at sun.reflect.NativeConstructorAccessorImpl.newInstance0(Native Method)
	at sun.reflect.NativeConstructorAccessorImpl.newInstance(Unknown Source)
	at sun.reflect.DelegatingConstructorAccessorImpl.newInstance(Unknown Source)
	at java.lang.reflect.Constructor.newInstance(Unknown Source)
	at org.openqa.selenium.remote.http.W3CHttpResponseCodec.createException(W3CHttpResponseCodec.java:187)
	at org.openqa.selenium.remote.http.W3CHttpResponseCodec.decode(W3CHttpResponseCodec.java:122)
	at org.openqa.selenium.remote.http.W3CHttpResponseCodec.decode(W3CHttpResponseCodec.java:49)
	at org.openqa.selenium.remote.HttpCommandExecutor.execute(HttpCommandExecutor.java:158)
	at org.openqa.selenium.remote.service.DriverCommandExecutor.execute(DriverCommandExecutor.java:83)
	at org.openqa.selenium.remote.RemoteWebDriver.execute(RemoteWebDriver.java:552)
	at org.openqa.selenium.remote.RemoteWebDriver.execute(RemoteWebDriver.java:609)
	at org.openqa.selenium.remote.RemoteWebDriver$RemoteWebDriverOptions$RemoteWindow.maximize(RemoteWebDriver.java:837)
	at com.enhanzedadmin.qa.base.Testbaseadmin.initialization(Testbaseadmin.java:65)
	at sun.reflect.NativeMethodAccessorImpl.invoke0(Native Method)
	at sun.reflect.NativeMethodAccessorImpl.invoke(Unknown Source)
	at sun.reflect.DelegatingMethodAccessorImpl.invoke(Unknown Source)
	at java.lang.reflect.Method.invoke(Unknown Source)
	at org.testng.internal.MethodInvocationHelper.invokeMethod(MethodInvocationHelper.java:86)
	at org.testng.internal.Invoker.invokeConfigurationMethod(Invoker.java:514)
	at org.testng.internal.Invoker.invokeConfigurations(Invoker.java:215)
	at org.testng.internal.Invoker.invokeMethod(Invoker.java:589)
	at org.testng.internal.Invoker.invokeTestMethod(Invoker.java:822)
	at org.testng.internal.Invoker.invokeTestMethods(Invoker.java:1130)
	at org.testng.internal.TestMethodWorker.invokeTestMethods(TestMethodWorker.java:129)
	at org.testng.internal.TestMethodWorker.run(TestMethodWorker.java:112)
	at org.testng.TestRunner.privateRun(TestRunner.java:782)
	at org.testng.TestRunner.run(TestRunner.java:632)
	at org.testng.SuiteRunner.runTest(SuiteRunner.java:366)
	at org.testng.SuiteRunner.runSequentially(SuiteRunner.java:361)
	at org.testng.SuiteRunner.privateRun(SuiteRunner.java:319)
	at org.testng.SuiteRunner.run(SuiteRunner.java:268)
	at org.testng.SuiteRunnerWorker.runSuite(SuiteRunnerWorker.java:52)
	at org.testng.SuiteRunnerWorker.run(SuiteRunnerWorker.java:86)
	at org.testng.TestNG.runSuitesSequentially(TestNG.java:1244)
	at org.testng.TestNG.runSuitesLocally(TestNG.java:1169)
	at org.testng.TestNG.run(TestNG.java:1064)
	at org.testng.remote.RemoteTestNG.run(RemoteTestNG.java:113)
	at org.testng.remote.RemoteTestNG.initAndRun(RemoteTestNG.java:206)
	at org.testng.remote.RemoteTestNG.main(RemoteTestNG.java:177)
</pre></div></td>
<td>0</td>
<td>com.enhanzedadmin.qa.testcases.ContentTest@32811494</td></tr>
</table><p>
<table width='100%' border='1' class='invocation-skipped'>
<tr><td colspan='4' align='center'><b>SKIPPED CONFIGURATIONS</b></td></tr>
<tr><td><b>Test method</b></td>
<td width="30%"><b>Exception</b></td>
<td width="10%"><b>Time (seconds)</b></td>
<td><b>Instance</b></td>
</tr>
<tr>
<td title='com.enhanzedadmin.qa.testcases.ContentTest.setup()'><b>setup</b><br>Test class: com.enhanzedadmin.qa.testcases.ContentTest</td>
<td></td>
<td>0</td>
<td>com.enhanzedadmin.qa.testcases.ContentTest@32811494</td></tr>
<tr>
<td title='com.enhanzedadmin.qa.testcases.ContentTest.initialization()'><b>initialization</b><br>Test class: com.enhanzedadmin.qa.testcases.ContentTest</td>
<td></td>
<td>0</td>
<td>com.enhanzedadmin.qa.testcases.ContentTest@32811494</td></tr>
<tr>
<td title='com.enhanzedadmin.qa.testcases.ContentTest.setup()'><b>setup</b><br>Test class: com.enhanzedadmin.qa.testcases.ContentTest</td>
<td></td>
<td>0</td>
<td>com.enhanzedadmin.qa.testcases.ContentTest@32811494</td></tr>
<tr>
<td title='com.enhanzedadmin.qa.testcases.ContentTest.initialization()'><b>initialization</b><br>Test class: com.enhanzedadmin.qa.testcases.ContentTest</td>
<td></td>
<td>0</td>
<td>com.enhanzedadmin.qa.testcases.ContentTest@32811494</td></tr>
<tr>
<td title='com.enhanzedadmin.qa.testcases.ContentTest.setup()'><b>setup</b><br>Test class: com.enhanzedadmin.qa.testcases.ContentTest</td>
<td></td>
<td>0</td>
<td>com.enhanzedadmin.qa.testcases.ContentTest@32811494</td></tr>
<tr>
<td title='com.enhanzedadmin.qa.testcases.ContentTest.initialization()'><b>initialization</b><br>Test class: com.enhanzedadmin.qa.testcases.ContentTest</td>
<td></td>
<td>0</td>
<td>com.enhanzedadmin.qa.testcases.ContentTest@32811494</td></tr>
<tr>
<td title='com.enhanzedadmin.qa.testcases.ContentTest.setup()'><b>setup</b><br>Test class: com.enhanzedadmin.qa.testcases.ContentTest</td>
<td></td>
<td>0</td>
<td>com.enhanzedadmin.qa.testcases.ContentTest@32811494</td></tr>
<tr>
<td title='com.enhanzedadmin.qa.testcases.ContentTest.initialization()'><b>initialization</b><br>Test class: com.enhanzedadmin.qa.testcases.ContentTest</td>
<td></td>
<td>0</td>
<td>com.enhanzedadmin.qa.testcases.ContentTest@32811494</td></tr>
<tr>
<td title='com.enhanzedadmin.qa.testcases.ContentTest.setup()'><b>setup</b><br>Test class: com.enhanzedadmin.qa.testcases.ContentTest</td>
<td></td>
<td>0</td>
<td>com.enhanzedadmin.qa.testcases.ContentTest@32811494</td></tr>
<tr>
<td title='com.enhanzedadmin.qa.testcases.ContentTest.initialization()'><b>initialization</b><br>Test class: com.enhanzedadmin.qa.testcases.ContentTest</td>
<td></td>
<td>0</td>
<td>com.enhanzedadmin.qa.testcases.ContentTest@32811494</td></tr>
<tr>
<td title='com.enhanzedadmin.qa.testcases.ContentTest.setup()'><b>setup</b><br>Test class: com.enhanzedadmin.qa.testcases.ContentTest</td>
<td></td>
<td>0</td>
<td>com.enhanzedadmin.qa.testcases.ContentTest@32811494</td></tr>
<tr>
<td title='com.enhanzedadmin.qa.testcases.ContentTest.initialization()'><b>initialization</b><br>Test class: com.enhanzedadmin.qa.testcases.ContentTest</td>
<td></td>
<td>0</td>
<td>com.enhanzedadmin.qa.testcases.ContentTest@32811494</td></tr>
<tr>
<td title='com.enhanzedadmin.qa.testcases.ContentTest.setup()'><b>setup</b><br>Test class: com.enhanzedadmin.qa.testcases.ContentTest</td>
<td></td>
<td>0</td>
<td>com.enhanzedadmin.qa.testcases.ContentTest@32811494</td></tr>
<tr>
<td title='com.enhanzedadmin.qa.testcases.ContentTest.initialization()'><b>initialization</b><br>Test class: com.enhanzedadmin.qa.testcases.ContentTest</td>
<td></td>
<td>0</td>
<td>com.enhanzedadmin.qa.testcases.ContentTest@32811494</td></tr>
<tr>
<td title='com.enhanzedadmin.qa.testcases.ContentTest.setup()'><b>setup</b><br>Test class: com.enhanzedadmin.qa.testcases.ContentTest</td>
<td></td>
<td>0</td>
<td>com.enhanzedadmin.qa.testcases.ContentTest@32811494</td></tr>
<tr>
<td title='com.enhanzedadmin.qa.testcases.ContentTest.initialization()'><b>initialization</b><br>Test class: com.enhanzedadmin.qa.testcases.ContentTest</td>
<td></td>
<td>0</td>
<td>com.enhanzedadmin.qa.testcases.ContentTest@32811494</td></tr>
<tr>
<td title='com.enhanzedadmin.qa.testcases.ContentTest.setup()'><b>setup</b><br>Test class: com.enhanzedadmin.qa.testcases.ContentTest</td>
<td></td>
<td>0</td>
<td>com.enhanzedadmin.qa.testcases.ContentTest@32811494</td></tr>
<tr>
<td title='com.enhanzedadmin.qa.testcases.ContentTest.initialization()'><b>initialization</b><br>Test class: com.enhanzedadmin.qa.testcases.ContentTest</td>
<td></td>
<td>0</td>
<td>com.enhanzedadmin.qa.testcases.ContentTest@32811494</td></tr>
<tr>
<td title='com.enhanzedadmin.qa.testcases.ContentTest.setup()'><b>setup</b><br>Test class: com.enhanzedadmin.qa.testcases.ContentTest</td>
<td></td>
<td>0</td>
<td>com.enhanzedadmin.qa.testcases.ContentTest@32811494</td></tr>
<tr>
<td title='com.enhanzedadmin.qa.testcases.ContentTest.initialization()'><b>initialization</b><br>Test class: com.enhanzedadmin.qa.testcases.ContentTest</td>
<td></td>
<td>0</td>
<td>com.enhanzedadmin.qa.testcases.ContentTest@32811494</td></tr>
<tr>
<td title='com.enhanzedadmin.qa.testcases.ContentTest.setup()'><b>setup</b><br>Test class: com.enhanzedadmin.qa.testcases.ContentTest</td>
<td></td>
<td>0</td>
<td>com.enhanzedadmin.qa.testcases.ContentTest@32811494</td></tr>
<tr>
<td title='com.enhanzedadmin.qa.testcases.ContentTest.initialization()'><b>initialization</b><br>Test class: com.enhanzedadmin.qa.testcases.ContentTest</td>
<td></td>
<td>0</td>
<td>com.enhanzedadmin.qa.testcases.ContentTest@32811494</td></tr>
<tr>
<td title='com.enhanzedadmin.qa.testcases.ContentTest.setup()'><b>setup</b><br>Test class: com.enhanzedadmin.qa.testcases.ContentTest</td>
<td></td>
<td>0</td>
<td>com.enhanzedadmin.qa.testcases.ContentTest@32811494</td></tr>
<tr>
<td title='com.enhanzedadmin.qa.testcases.ContentTest.initialization()'><b>initialization</b><br>Test class: com.enhanzedadmin.qa.testcases.ContentTest</td>
<td></td>
<td>0</td>
<td>com.enhanzedadmin.qa.testcases.ContentTest@32811494</td></tr>
<tr>
<td title='com.enhanzedadmin.qa.testcases.ContentTest.setup()'><b>setup</b><br>Test class: com.enhanzedadmin.qa.testcases.ContentTest</td>
<td></td>
<td>0</td>
<td>com.enhanzedadmin.qa.testcases.ContentTest@32811494</td></tr>
<tr>
<td title='com.enhanzedadmin.qa.testcases.ContentTest.initialization()'><b>initialization</b><br>Test class: com.enhanzedadmin.qa.testcases.ContentTest</td>
<td></td>
<td>0</td>
<td>com.enhanzedadmin.qa.testcases.ContentTest@32811494</td></tr>
<tr>
<td title='com.enhanzedadmin.qa.testcases.ContentTest.setup()'><b>setup</b><br>Test class: com.enhanzedadmin.qa.testcases.ContentTest</td>
<td></td>
<td>0</td>
<td>com.enhanzedadmin.qa.testcases.ContentTest@32811494</td></tr>
<tr>
<td title='com.enhanzedadmin.qa.testcases.ContentTest.end()'><b>end</b><br>Test class: com.enhanzedadmin.qa.testcases.ContentTest</td>
<td></td>
<td>0</td>
<td>com.enhanzedadmin.qa.testcases.ContentTest@32811494</td></tr>
<tr>
<td title='com.enhanzedadmin.qa.testcases.ContentTest.end()'><b>end</b><br>Test class: com.enhanzedadmin.qa.testcases.ContentTest</td>
<td></td>
<td>0</td>
<td>com.enhanzedadmin.qa.testcases.ContentTest@32811494</td></tr>
<tr>
<td title='com.enhanzedadmin.qa.testcases.ContentTest.end()'><b>end</b><br>Test class: com.enhanzedadmin.qa.testcases.ContentTest</td>
<td></td>
<td>0</td>
<td>com.enhanzedadmin.qa.testcases.ContentTest@32811494</td></tr>
<tr>
<td title='com.enhanzedadmin.qa.testcases.ContentTest.end()'><b>end</b><br>Test class: com.enhanzedadmin.qa.testcases.ContentTest</td>
<td></td>
<td>0</td>
<td>com.enhanzedadmin.qa.testcases.ContentTest@32811494</td></tr>
<tr>
<td title='com.enhanzedadmin.qa.testcases.ContentTest.end()'><b>end</b><br>Test class: com.enhanzedadmin.qa.testcases.ContentTest</td>
<td></td>
<td>0</td>
<td>com.enhanzedadmin.qa.testcases.ContentTest@32811494</td></tr>
<tr>
<td title='com.enhanzedadmin.qa.testcases.ContentTest.end()'><b>end</b><br>Test class: com.enhanzedadmin.qa.testcases.ContentTest</td>
<td></td>
<td>0</td>
<td>com.enhanzedadmin.qa.testcases.ContentTest@32811494</td></tr>
<tr>
<td title='com.enhanzedadmin.qa.testcases.ContentTest.end()'><b>end</b><br>Test class: com.enhanzedadmin.qa.testcases.ContentTest</td>
<td></td>
<td>0</td>
<td>com.enhanzedadmin.qa.testcases.ContentTest@32811494</td></tr>
<tr>
<td title='com.enhanzedadmin.qa.testcases.ContentTest.end()'><b>end</b><br>Test class: com.enhanzedadmin.qa.testcases.ContentTest</td>
<td></td>
<td>0</td>
<td>com.enhanzedadmin.qa.testcases.ContentTest@32811494</td></tr>
<tr>
<td title='com.enhanzedadmin.qa.testcases.ContentTest.end()'><b>end</b><br>Test class: com.enhanzedadmin.qa.testcases.ContentTest</td>
<td></td>
<td>0</td>
<td>com.enhanzedadmin.qa.testcases.ContentTest@32811494</td></tr>
<tr>
<td title='com.enhanzedadmin.qa.testcases.ContentTest.end()'><b>end</b><br>Test class: com.enhanzedadmin.qa.testcases.ContentTest</td>
<td></td>
<td>0</td>
<td>com.enhanzedadmin.qa.testcases.ContentTest@32811494</td></tr>
<tr>
<td title='com.enhanzedadmin.qa.testcases.ContentTest.end()'><b>end</b><br>Test class: com.enhanzedadmin.qa.testcases.ContentTest</td>
<td></td>
<td>0</td>
<td>com.enhanzedadmin.qa.testcases.ContentTest@32811494</td></tr>
<tr>
<td title='com.enhanzedadmin.qa.testcases.ContentTest.end()'><b>end</b><br>Test class: com.enhanzedadmin.qa.testcases.ContentTest</td>
<td></td>
<td>0</td>
<td>com.enhanzedadmin.qa.testcases.ContentTest@32811494</td></tr>
<tr>
<td title='com.enhanzedadmin.qa.testcases.ContentTest.end()'><b>end</b><br>Test class: com.enhanzedadmin.qa.testcases.ContentTest</td>
<td></td>
<td>0</td>
<td>com.enhanzedadmin.qa.testcases.ContentTest@32811494</td></tr>
<tr>
<td title='com.enhanzedadmin.qa.testcases.ContentTest.end()'><b>end</b><br>Test class: com.enhanzedadmin.qa.testcases.ContentTest</td>
<td></td>
<td>0</td>
<td>com.enhanzedadmin.qa.testcases.ContentTest@32811494</td></tr>
</table><p>
<table width='100%' border='1' class='invocation-failed'>
<tr><td colspan='4' align='center'><b>FAILED TESTS</b></td></tr>
<tr><td><b>Test method</b></td>
<td width="30%"><b>Exception</b></td>
<td width="10%"><b>Time (seconds)</b></td>
<td><b>Instance</b></td>
</tr>
<tr>
<td title='com.enhanzedadmin.qa.testcases.ContentTest.addDuplicateTopic()'><b>addDuplicateTopic</b><br>Test class: com.enhanzedadmin.qa.testcases.ContentTest</td>
<td><div><pre>java.lang.AssertionError: The message is not displayed expected [Topic with the same name already exists] but found [Topic with the same name already exists.]
	at org.testng.Assert.fail(Assert.java:94)
	at org.testng.Assert.failNotEquals(Assert.java:513)
	at org.testng.Assert.assertEqualsImpl(Assert.java:135)
	at org.testng.Assert.assertEquals(Assert.java:116)
	at org.testng.Assert.assertEquals(Assert.java:190)
	at com.enhanzedadmin.qa.testcases.ContentTest.addDuplicateTopic(ContentTest.java:115)
	at sun.reflect.NativeMethodAccessorImpl.invoke0(Native Method)
	at sun.reflect.NativeMethodAccessorImpl.invoke(Unknown Source)
	at sun.reflect.DelegatingMethodAccessorImpl.invoke(Unknown Source)
	at java.lang.reflect.Method.invoke(Unknown Source)
	at org.testng.internal.MethodInvocationHelper.invokeMethod(MethodInvocationHelper.java:86)
	at org.testng.internal.Invoker.invokeMethod(Invoker.java:645)
	at org.testng.internal.Invoker.invokeTestMethod(Invoker.java:822)
	at org.testng.internal.Invoker.invokeTestMethods(Invoker.java:1130)
	at org.testng.internal.TestMethodWorker.invokeTestMethods(TestMethodWorker.java:129)
	at org.testng.internal.TestMethodWorker.run(TestMethodWorker.java:112)
	at org.testng.TestRunner.privateRun(TestRunner.java:782)
	at org.testng.TestRunner.run(TestRunner.java:632)
	at org.testng.SuiteRunner.runTest(SuiteRunner.java:366)
	at org.testng.SuiteRunner.runSequentially(SuiteRunner.java:361)
	at org.testng.SuiteRunner.privateRun(SuiteRunner.java:319)
	at org.testng.SuiteRunner.run(SuiteRunner.java:268)
	at org.testng.SuiteRunnerWorker.runSuite(SuiteRunnerWorker.java:52)
	at org.testng.SuiteRunnerWorker.run(SuiteRunnerWorker.java:86)
	at org.testng.TestNG.runSuitesSequentially(TestNG.java:1244)
	at org.testng.TestNG.runSuitesLocally(TestNG.java:1169)
	at org.testng.TestNG.run(TestNG.java:1064)
	at org.testng.remote.RemoteTestNG.run(RemoteTestNG.java:113)
	at org.testng.remote.RemoteTestNG.initAndRun(RemoteTestNG.java:206)
	at org.testng.remote.RemoteTestNG.main(RemoteTestNG.java:177)
</pre></div><a href='#' onClick='toggleBox("stack-trace479442206", this, "Click to show all stack frames", "Click to hide stack frames")'>Click to show all stack frames</a>
<div class='stack-trace' id='stack-trace479442206'><pre>java.lang.AssertionError: The message is not displayed expected [Topic with the same name already exists] but found [Topic with the same name already exists.]
	at org.testng.Assert.fail(Assert.java:94)
	at org.testng.Assert.failNotEquals(Assert.java:513)
	at org.testng.Assert.assertEqualsImpl(Assert.java:135)
	at org.testng.Assert.assertEquals(Assert.java:116)
	at org.testng.Assert.assertEquals(Assert.java:190)
	at com.enhanzedadmin.qa.testcases.ContentTest.addDuplicateTopic(ContentTest.java:115)
	at sun.reflect.NativeMethodAccessorImpl.invoke0(Native Method)
	at sun.reflect.NativeMethodAccessorImpl.invoke(Unknown Source)
	at sun.reflect.DelegatingMethodAccessorImpl.invoke(Unknown Source)
	at java.lang.reflect.Method.invoke(Unknown Source)
	at org.testng.internal.MethodInvocationHelper.invokeMethod(MethodInvocationHelper.java:86)
	at org.testng.internal.Invoker.invokeMethod(Invoker.java:645)
	at org.testng.internal.Invoker.invokeTestMethod(Invoker.java:822)
	at org.testng.internal.Invoker.invokeTestMethods(Invoker.java:1130)
	at org.testng.internal.TestMethodWorker.invokeTestMethods(TestMethodWorker.java:129)
	at org.testng.internal.TestMethodWorker.run(TestMethodWorker.java:112)
	at org.testng.TestRunner.privateRun(TestRunner.java:782)
	at org.testng.TestRunner.run(TestRunner.java:632)
	at org.testng.SuiteRunner.runTest(SuiteRunner.java:366)
	at org.testng.SuiteRunner.runSequentially(SuiteRunner.java:361)
	at org.testng.SuiteRunner.privateRun(SuiteRunner.java:319)
	at org.testng.SuiteRunner.run(SuiteRunner.java:268)
	at org.testng.SuiteRunnerWorker.runSuite(SuiteRunnerWorker.java:52)
	at org.testng.SuiteRunnerWorker.run(SuiteRunnerWorker.java:86)
	at org.testng.TestNG.runSuitesSequentially(TestNG.java:1244)
	at org.testng.TestNG.runSuitesLocally(TestNG.java:1169)
	at org.testng.TestNG.run(TestNG.java:1064)
	at org.testng.remote.RemoteTestNG.run(RemoteTestNG.java:113)
	at org.testng.remote.RemoteTestNG.initAndRun(RemoteTestNG.java:206)
	at org.testng.remote.RemoteTestNG.main(RemoteTestNG.java:177)
</pre></div></td>
<td>23</td>
<td>com.enhanzedadmin.qa.testcases.ContentTest@32811494</td></tr>
</table><p>
<table width='100%' border='1' class='invocation-passed'>
<tr><td colspan='4' align='center'><b>PASSED TESTS</b></td></tr>
<tr><td><b>Test method</b></td>
<td width="30%"><b>Exception</b></td>
<td width="10%"><b>Time (seconds)</b></td>
<td><b>Instance</b></td>
</tr>
<tr>
<td title='com.enhanzedadmin.qa.testcases.ContentTest.addEmptyTopic()'><b>addEmptyTopic</b><br>Test class: com.enhanzedadmin.qa.testcases.ContentTest</td>
<td></td>
<td>10</td>
<td>com.enhanzedadmin.qa.testcases.ContentTest@32811494</td></tr>
<tr>
<td title='com.enhanzedadmin.qa.testcases.ContentTest.addEmptyTopicImage()'><b>addEmptyTopicImage</b><br>Test class: com.enhanzedadmin.qa.testcases.ContentTest</td>
<td></td>
<td>10</td>
<td>com.enhanzedadmin.qa.testcases.ContentTest@32811494</td></tr>
<tr>
<td title='com.enhanzedadmin.qa.testcases.ContentTest.addEmptyTopicName()'><b>addEmptyTopicName</b><br>Test class: com.enhanzedadmin.qa.testcases.ContentTest</td>
<td></td>
<td>21</td>
<td>com.enhanzedadmin.qa.testcases.ContentTest@32811494</td></tr>
<tr>
<td title='com.enhanzedadmin.qa.testcases.ContentTest.addTopic()'><b>addTopic</b><br>Test class: com.enhanzedadmin.qa.testcases.ContentTest</td>
<td></td>
<td>21</td>
<td>com.enhanzedadmin.qa.testcases.ContentTest@32811494</td></tr>
<tr>
<td title='com.enhanzedadmin.qa.testcases.ContentTest.checkAudioBlankCredentials()'><b>checkAudioBlankCredentials</b><br>Test class: com.enhanzedadmin.qa.testcases.ContentTest</td>
<td></td>
<td>20</td>
<td>com.enhanzedadmin.qa.testcases.ContentTest@32811494</td></tr>
<tr>
<td title='com.enhanzedadmin.qa.testcases.ContentTest.checkBalnkCredentials()'><b>checkBalnkCredentials</b><br>Test class: com.enhanzedadmin.qa.testcases.ContentTest</td>
<td></td>
<td>20</td>
<td>com.enhanzedadmin.qa.testcases.ContentTest@32811494</td></tr>
<tr>
<td title='com.enhanzedadmin.qa.testcases.ContentTest.checkBalnkCredentialsDurationCategory()'><b>checkBalnkCredentialsDurationCategory</b><br>Test class: com.enhanzedadmin.qa.testcases.ContentTest</td>
<td></td>
<td>20</td>
<td>com.enhanzedadmin.qa.testcases.ContentTest@32811494</td></tr>
<tr>
<td title='com.enhanzedadmin.qa.testcases.ContentTest.checkBalnkCredentialsFileUpload()'><b>checkBalnkCredentialsFileUpload</b><br>Test class: com.enhanzedadmin.qa.testcases.ContentTest</td>
<td></td>
<td>21</td>
<td>com.enhanzedadmin.qa.testcases.ContentTest@32811494</td></tr>
<tr>
<td title='com.enhanzedadmin.qa.testcases.ContentTest.checkHtmlBalnkContentbody()'><b>checkHtmlBalnkContentbody</b><br>Test class: com.enhanzedadmin.qa.testcases.ContentTest</td>
<td></td>
<td>18</td>
<td>com.enhanzedadmin.qa.testcases.ContentTest@32811494</td></tr>
<tr>
<td title='com.enhanzedadmin.qa.testcases.ContentTest.checkHtmlBlankData()'><b>checkHtmlBlankData</b><br>Test class: com.enhanzedadmin.qa.testcases.ContentTest</td>
<td></td>
<td>17</td>
<td>com.enhanzedadmin.qa.testcases.ContentTest@32811494</td></tr>
<tr>
<td title='com.enhanzedadmin.qa.testcases.ContentTest.checkOnlyBlankTitle()'><b>checkOnlyBlankTitle</b><br>Test class: com.enhanzedadmin.qa.testcases.ContentTest</td>
<td></td>
<td>31</td>
<td>com.enhanzedadmin.qa.testcases.ContentTest@32811494</td></tr>
<tr>
<td title='com.enhanzedadmin.qa.testcases.ContentTest.checkOnlyWhenAudioUploaded()'><b>checkOnlyWhenAudioUploaded</b><br>Test class: com.enhanzedadmin.qa.testcases.ContentTest</td>
<td></td>
<td>32</td>
<td>com.enhanzedadmin.qa.testcases.ContentTest@32811494</td></tr>
<tr>
<td title='com.enhanzedadmin.qa.testcases.ContentTest.checkUploadingBlankFileandCategory()'><b>checkUploadingBlankFileandCategory</b><br>Test class: com.enhanzedadmin.qa.testcases.ContentTest</td>
<td></td>
<td>20</td>
<td>com.enhanzedadmin.qa.testcases.ContentTest@32811494</td></tr>
<tr>
<td title='com.enhanzedadmin.qa.testcases.ContentTest.checkUploadingBlankHtml()'><b>checkUploadingBlankHtml</b><br>Test class: com.enhanzedadmin.qa.testcases.ContentTest</td>
<td></td>
<td>17</td>
<td>com.enhanzedadmin.qa.testcases.ContentTest@32811494</td></tr>
</table><p>
<table width='100%' border='1' class='invocation-skipped'>
<tr><td colspan='4' align='center'><b>SKIPPED TESTS</b></td></tr>
<tr><td><b>Test method</b></td>
<td width="30%"><b>Exception</b></td>
<td width="10%"><b>Time (seconds)</b></td>
<td><b>Instance</b></td>
</tr>
<tr>
<td title='com.enhanzedadmin.qa.testcases.ContentTest.addobject()'><b>addobject</b><br>Test class: com.enhanzedadmin.qa.testcases.ContentTest<br>Parameters: fgdfgdf, 1.0</td>
<td></td>
<td>0</td>
<td>com.enhanzedadmin.qa.testcases.ContentTest@32811494</td></tr>
<tr>
<td title='com.enhanzedadmin.qa.testcases.ContentTest.addobject()'><b>addobject</b><br>Test class: com.enhanzedadmin.qa.testcases.ContentTest<br>Parameters: Computer Science, 1.0</td>
<td></td>
<td>0</td>
<td>com.enhanzedadmin.qa.testcases.ContentTest@32811494</td></tr>
<tr>
<td title='com.enhanzedadmin.qa.testcases.ContentTest.addobject()'><b>addobject</b><br>Test class: com.enhanzedadmin.qa.testcases.ContentTest<br>Parameters: Engineering, 2.0</td>
<td></td>
<td>0</td>
<td>com.enhanzedadmin.qa.testcases.ContentTest@32811494</td></tr>
<tr>
<td title='com.enhanzedadmin.qa.testcases.ContentTest.addobject()'><b>addobject</b><br>Test class: com.enhanzedadmin.qa.testcases.ContentTest<br>Parameters: electrical and electronics, 3.0</td>
<td></td>
<td>0</td>
<td>com.enhanzedadmin.qa.testcases.ContentTest@32811494</td></tr>
<tr>
<td title='com.enhanzedadmin.qa.testcases.ContentTest.addobject()'><b>addobject</b><br>Test class: com.enhanzedadmin.qa.testcases.ContentTest<br>Parameters: electrical and electronics, 6.0</td>
<td></td>
<td>0</td>
<td>com.enhanzedadmin.qa.testcases.ContentTest@32811494</td></tr>
<tr>
<td title='com.enhanzedadmin.qa.testcases.ContentTest.checkUploadingBlankTitle()'><b>checkUploadingBlankTitle</b><br>Test class: com.enhanzedadmin.qa.testcases.ContentTest</td>
<td></td>
<td>0</td>
<td>com.enhanzedadmin.qa.testcases.ContentTest@32811494</td></tr>
<tr>
<td title='com.enhanzedadmin.qa.testcases.ContentTest.checkaddingblankvideo()'><b>checkaddingblankvideo</b><br>Test class: com.enhanzedadmin.qa.testcases.ContentTest</td>
<td></td>
<td>0</td>
<td>com.enhanzedadmin.qa.testcases.ContentTest@32811494</td></tr>
<tr>
<td title='com.enhanzedadmin.qa.testcases.ContentTest.checkaddingdescriptionvideovideo()'><b>checkaddingdescriptionvideovideo</b><br>Test class: com.enhanzedadmin.qa.testcases.ContentTest</td>
<td></td>
<td>0</td>
<td>com.enhanzedadmin.qa.testcases.ContentTest@32811494</td></tr>
<tr>
<td title='com.enhanzedadmin.qa.testcases.ContentTest.checkaddingdurationvideovideo()'><b>checkaddingdurationvideovideo</b><br>Test class: com.enhanzedadmin.qa.testcases.ContentTest</td>
<td></td>
<td>0</td>
<td>com.enhanzedadmin.qa.testcases.ContentTest@32811494</td></tr>
<tr>
<td title='com.enhanzedadmin.qa.testcases.ContentTest.checkaddingfilevideowithoutdescription()'><b>checkaddingfilevideowithoutdescription</b><br>Test class: com.enhanzedadmin.qa.testcases.ContentTest</td>
<td></td>
<td>0</td>
<td>com.enhanzedadmin.qa.testcases.ContentTest@32811494</td></tr>
<tr>
<td title='com.enhanzedadmin.qa.testcases.ContentTest.checkaddingquizobject()'><b>checkaddingquizobject</b><br>Test class: com.enhanzedadmin.qa.testcases.ContentTest</td>
<td></td>
<td>0</td>
<td>com.enhanzedadmin.qa.testcases.ContentTest@32811494</td></tr>
<tr>
<td title='com.enhanzedadmin.qa.testcases.ContentTest.checkinteractivity()'><b>checkinteractivity</b><br>Test class: com.enhanzedadmin.qa.testcases.ContentTest</td>
<td></td>
<td>0</td>
<td>com.enhanzedadmin.qa.testcases.ContentTest@32811494</td></tr>
<tr>
<td title='com.enhanzedadmin.qa.testcases.ContentTest.checkinteractivitywhenimageandsubcategorynotgiven()'><b>checkinteractivitywhenimageandsubcategorynotgiven</b><br>Test class: com.enhanzedadmin.qa.testcases.ContentTest</td>
<td></td>
<td>0</td>
<td>com.enhanzedadmin.qa.testcases.ContentTest@32811494</td></tr>
<tr>
<td title='com.enhanzedadmin.qa.testcases.ContentTest.checkuploadPdfWhenBlank()'><b>checkuploadPdfWhenBlank</b><br>Test class: com.enhanzedadmin.qa.testcases.ContentTest</td>
<td></td>
<td>0</td>
<td>com.enhanzedadmin.qa.testcases.ContentTest@32811494</td></tr>
</table><p>
</body>
</html>