<?xml version="1.0" encoding="UTF-8"?>
<!-- Generated by org.testng.reporters.JUnitXMLReporter -->
<testsuite hostname="DESKTOP-UQCRR3T" name="Default test" tests="29" failures="1" timestamp="29 Jan 2020 12:24:21 GMT" time="657.541" errors="0">
  <testcase name="@BeforeMethod initialization" time="0.0" classname="com.enhanzedadmin.qa.testcases.ContentTest">
    <failure type="org.openqa.selenium.NoSuchWindowException" message="no such window: target window already closed
from unknown error: web view not found
  (Session info: chrome=79.0.3945.130)
Build info: version: &amp;apos;3.141.59&amp;apos;, revision: &amp;apos;e82be7d358&amp;apos;, time: &amp;apos;2018-11-14T08:17:03&amp;apos;
System info: host: &amp;apos;DESKTOP-UQCRR3T&amp;apos;, ip: &amp;apos;192.168.0.106&amp;apos;, os.name: &amp;apos;Windows 10&amp;apos;, os.arch: &amp;apos;amd64&amp;apos;, os.version: &amp;apos;10.0&amp;apos;, java.version: &amp;apos;1.8.0_191&amp;apos;
Driver info: org.openqa.selenium.chrome.ChromeDriver
Capabilities {acceptInsecureCerts: false, browserName: chrome, browserVersion: 79.0.3945.130, chrome: {chromedriverVersion: 78.0.3904.70 (edb9c9f3de024..., userDataDir: C:\Users\VITNIT~1\AppData\L...}, goog:chromeOptions: {debuggerAddress: localhost:59094}, javascriptEnabled: true, networkConnectionEnabled: false, pageLoadStrategy: normal, platform: XP, platformName: XP, proxy: Proxy(), setWindowRect: true, strictFileInteractability: false, timeouts: {implicit: 0, pageLoad: 300000, script: 30000}, unhandledPromptBehavior: dismiss and notify}
Session ID: 6d34d240c39d6dfb000306d82031334e">
      <![CDATA[org.openqa.selenium.NoSuchWindowException: no such window: target window already closed
from unknown error: web view not found
  (Session info: chrome=79.0.3945.130)
Build info: version: '3.141.59', revision: 'e82be7d358', time: '2018-11-14T08:17:03'
System info: host: 'DESKTOP-UQCRR3T', ip: '192.168.0.106', os.name: 'Windows 10', os.arch: 'amd64', os.version: '10.0', java.version: '1.8.0_191'
Driver info: org.openqa.selenium.chrome.ChromeDriver
Capabilities {acceptInsecureCerts: false, browserName: chrome, browserVersion: 79.0.3945.130, chrome: {chromedriverVersion: 78.0.3904.70 (edb9c9f3de024..., userDataDir: C:\Users\VITNIT~1\AppData\L...}, goog:chromeOptions: {debuggerAddress: localhost:59094}, javascriptEnabled: true, networkConnectionEnabled: false, pageLoadStrategy: normal, platform: XP, platformName: XP, proxy: Proxy(), setWindowRect: true, strictFileInteractability: false, timeouts: {implicit: 0, pageLoad: 300000, script: 30000}, unhandledPromptBehavior: dismiss and notify}
Session ID: 6d34d240c39d6dfb000306d82031334e
	at sun.reflect.NativeConstructorAccessorImpl.newInstance0(Native Method)
	at sun.reflect.NativeConstructorAccessorImpl.newInstance(Unknown Source)
	at sun.reflect.DelegatingConstructorAccessorImpl.newInstance(Unknown Source)
	at java.lang.reflect.Constructor.newInstance(Unknown Source)
	at org.openqa.selenium.remote.http.W3CHttpResponseCodec.createException(W3CHttpResponseCodec.java:187)
	at org.openqa.selenium.remote.http.W3CHttpResponseCodec.decode(W3CHttpResponseCodec.java:122)
	at org.openqa.selenium.remote.http.W3CHttpResponseCodec.decode(W3CHttpResponseCodec.java:49)
	at org.openqa.selenium.remote.HttpCommandExecutor.execute(HttpCommandExecutor.java:158)
	at org.openqa.selenium.remote.service.DriverCommandExecutor.execute(DriverCommandExecutor.java:83)
	at org.openqa.selenium.remote.RemoteWebDriver.execute(RemoteWebDriver.java:552)
	at org.openqa.selenium.remote.RemoteWebDriver.execute(RemoteWebDriver.java:609)
	at org.openqa.selenium.remote.RemoteWebDriver$RemoteWebDriverOptions$RemoteWindow.maximize(RemoteWebDriver.java:837)
	at com.enhanzedadmin.qa.base.Testbaseadmin.initialization(Testbaseadmin.java:65)
	at sun.reflect.NativeMethodAccessorImpl.invoke0(Native Method)
	at sun.reflect.NativeMethodAccessorImpl.invoke(Unknown Source)
	at sun.reflect.DelegatingMethodAccessorImpl.invoke(Unknown Source)
	at java.lang.reflect.Method.invoke(Unknown Source)
	at org.testng.internal.MethodInvocationHelper.invokeMethod(MethodInvocationHelper.java:86)
	at org.testng.internal.Invoker.invokeConfigurationMethod(Invoker.java:514)
	at org.testng.internal.Invoker.invokeConfigurations(Invoker.java:215)
	at org.testng.internal.Invoker.invokeMethod(Invoker.java:589)
	at org.testng.internal.Invoker.invokeTestMethod(Invoker.java:822)
	at org.testng.internal.Invoker.invokeTestMethods(Invoker.java:1130)
	at org.testng.internal.TestMethodWorker.invokeTestMethods(TestMethodWorker.java:129)
	at org.testng.internal.TestMethodWorker.run(TestMethodWorker.java:112)
	at org.testng.TestRunner.privateRun(TestRunner.java:782)
	at org.testng.TestRunner.run(TestRunner.java:632)
	at org.testng.SuiteRunner.runTest(SuiteRunner.java:366)
	at org.testng.SuiteRunner.runSequentially(SuiteRunner.java:361)
	at org.testng.SuiteRunner.privateRun(SuiteRunner.java:319)
	at org.testng.SuiteRunner.run(SuiteRunner.java:268)
	at org.testng.SuiteRunnerWorker.runSuite(SuiteRunnerWorker.java:52)
	at org.testng.SuiteRunnerWorker.run(SuiteRunnerWorker.java:86)
	at org.testng.TestNG.runSuitesSequentially(TestNG.java:1244)
	at org.testng.TestNG.runSuitesLocally(TestNG.java:1169)
	at org.testng.TestNG.run(TestNG.java:1064)
	at org.testng.remote.RemoteTestNG.run(RemoteTestNG.java:113)
	at org.testng.remote.RemoteTestNG.initAndRun(RemoteTestNG.java:206)
	at org.testng.remote.RemoteTestNG.main(RemoteTestNG.java:177)
]]>
    </failure>
  </testcase> <!-- @BeforeMethod initialization -->
  <testcase name="@BeforeMethod setup" time="0.0" classname="com.enhanzedadmin.qa.testcases.ContentTest">
    <skipped/>
  </testcase> <!-- @BeforeMethod setup -->
  <testcase name="@AfterMethod end" time="0.0" classname="com.enhanzedadmin.qa.testcases.ContentTest">
    <skipped/>
  </testcase> <!-- @AfterMethod end -->
  <testcase name="@BeforeMethod initialization" time="0.0" classname="com.enhanzedadmin.qa.testcases.ContentTest">
    <skipped/>
  </testcase> <!-- @BeforeMethod initialization -->
  <testcase name="@BeforeMethod setup" time="0.0" classname="com.enhanzedadmin.qa.testcases.ContentTest">
    <skipped/>
  </testcase> <!-- @BeforeMethod setup -->
  <testcase name="@AfterMethod end" time="0.0" classname="com.enhanzedadmin.qa.testcases.ContentTest">
    <skipped/>
  </testcase> <!-- @AfterMethod end -->
  <testcase name="@BeforeMethod initialization" time="0.0" classname="com.enhanzedadmin.qa.testcases.ContentTest">
    <skipped/>
  </testcase> <!-- @BeforeMethod initialization -->
  <testcase name="@BeforeMethod setup" time="0.0" classname="com.enhanzedadmin.qa.testcases.ContentTest">
    <skipped/>
  </testcase> <!-- @BeforeMethod setup -->
  <testcase name="@AfterMethod end" time="0.0" classname="com.enhanzedadmin.qa.testcases.ContentTest">
    <skipped/>
  </testcase> <!-- @AfterMethod end -->
  <testcase name="@BeforeMethod initialization" time="0.0" classname="com.enhanzedadmin.qa.testcases.ContentTest">
    <skipped/>
  </testcase> <!-- @BeforeMethod initialization -->
  <testcase name="@BeforeMethod setup" time="0.0" classname="com.enhanzedadmin.qa.testcases.ContentTest">
    <skipped/>
  </testcase> <!-- @BeforeMethod setup -->
  <testcase name="@AfterMethod end" time="0.0" classname="com.enhanzedadmin.qa.testcases.ContentTest">
    <skipped/>
  </testcase> <!-- @AfterMethod end -->
  <testcase name="@BeforeMethod initialization" time="0.0" classname="com.enhanzedadmin.qa.testcases.ContentTest">
    <skipped/>
  </testcase> <!-- @BeforeMethod initialization -->
  <testcase name="@BeforeMethod setup" time="0.0" classname="com.enhanzedadmin.qa.testcases.ContentTest">
    <skipped/>
  </testcase> <!-- @BeforeMethod setup -->
  <testcase name="@AfterMethod end" time="0.0" classname="com.enhanzedadmin.qa.testcases.ContentTest">
    <skipped/>
  </testcase> <!-- @AfterMethod end -->
  <testcase name="@BeforeMethod initialization" time="0.0" classname="com.enhanzedadmin.qa.testcases.ContentTest">
    <skipped/>
  </testcase> <!-- @BeforeMethod initialization -->
  <testcase name="@BeforeMethod setup" time="0.0" classname="com.enhanzedadmin.qa.testcases.ContentTest">
    <skipped/>
  </testcase> <!-- @BeforeMethod setup -->
  <testcase name="@AfterMethod end" time="0.0" classname="com.enhanzedadmin.qa.testcases.ContentTest">
    <skipped/>
  </testcase> <!-- @AfterMethod end -->
  <testcase name="@BeforeMethod initialization" time="0.0" classname="com.enhanzedadmin.qa.testcases.ContentTest">
    <skipped/>
  </testcase> <!-- @BeforeMethod initialization -->
  <testcase name="@BeforeMethod setup" time="0.0" classname="com.enhanzedadmin.qa.testcases.ContentTest">
    <skipped/>
  </testcase> <!-- @BeforeMethod setup -->
  <testcase name="@AfterMethod end" time="0.0" classname="com.enhanzedadmin.qa.testcases.ContentTest">
    <skipped/>
  </testcase> <!-- @AfterMethod end -->
  <testcase name="@BeforeMethod initialization" time="0.0" classname="com.enhanzedadmin.qa.testcases.ContentTest">
    <skipped/>
  </testcase> <!-- @BeforeMethod initialization -->
  <testcase name="@BeforeMethod setup" time="0.0" classname="com.enhanzedadmin.qa.testcases.ContentTest">
    <skipped/>
  </testcase> <!-- @BeforeMethod setup -->
  <testcase name="@AfterMethod end" time="0.0" classname="com.enhanzedadmin.qa.testcases.ContentTest">
    <skipped/>
  </testcase> <!-- @AfterMethod end -->
  <testcase name="@BeforeMethod initialization" time="0.0" classname="com.enhanzedadmin.qa.testcases.ContentTest">
    <skipped/>
  </testcase> <!-- @BeforeMethod initialization -->
  <testcase name="@BeforeMethod setup" time="0.0" classname="com.enhanzedadmin.qa.testcases.ContentTest">
    <skipped/>
  </testcase> <!-- @BeforeMethod setup -->
  <testcase name="@AfterMethod end" time="0.0" classname="com.enhanzedadmin.qa.testcases.ContentTest">
    <skipped/>
  </testcase> <!-- @AfterMethod end -->
  <testcase name="@BeforeMethod initialization" time="0.0" classname="com.enhanzedadmin.qa.testcases.ContentTest">
    <skipped/>
  </testcase> <!-- @BeforeMethod initialization -->
  <testcase name="@BeforeMethod setup" time="0.0" classname="com.enhanzedadmin.qa.testcases.ContentTest">
    <skipped/>
  </testcase> <!-- @BeforeMethod setup -->
  <testcase name="@AfterMethod end" time="0.0" classname="com.enhanzedadmin.qa.testcases.ContentTest">
    <skipped/>
  </testcase> <!-- @AfterMethod end -->
  <testcase name="@BeforeMethod initialization" time="0.0" classname="com.enhanzedadmin.qa.testcases.ContentTest">
    <skipped/>
  </testcase> <!-- @BeforeMethod initialization -->
  <testcase name="@BeforeMethod setup" time="0.0" classname="com.enhanzedadmin.qa.testcases.ContentTest">
    <skipped/>
  </testcase> <!-- @BeforeMethod setup -->
  <testcase name="@AfterMethod end" time="0.0" classname="com.enhanzedadmin.qa.testcases.ContentTest">
    <skipped/>
  </testcase> <!-- @AfterMethod end -->
  <testcase name="@BeforeMethod initialization" time="0.0" classname="com.enhanzedadmin.qa.testcases.ContentTest">
    <skipped/>
  </testcase> <!-- @BeforeMethod initialization -->
  <testcase name="@BeforeMethod setup" time="0.0" classname="com.enhanzedadmin.qa.testcases.ContentTest">
    <skipped/>
  </testcase> <!-- @BeforeMethod setup -->
  <testcase name="@AfterMethod end" time="0.0" classname="com.enhanzedadmin.qa.testcases.ContentTest">
    <skipped/>
  </testcase> <!-- @AfterMethod end -->
  <testcase name="@BeforeMethod initialization" time="0.0" classname="com.enhanzedadmin.qa.testcases.ContentTest">
    <skipped/>
  </testcase> <!-- @BeforeMethod initialization -->
  <testcase name="@BeforeMethod setup" time="0.0" classname="com.enhanzedadmin.qa.testcases.ContentTest">
    <skipped/>
  </testcase> <!-- @BeforeMethod setup -->
  <testcase name="@AfterMethod end" time="0.0" classname="com.enhanzedadmin.qa.testcases.ContentTest">
    <skipped/>
  </testcase> <!-- @AfterMethod end -->
  <testcase name="@BeforeMethod initialization" time="0.0" classname="com.enhanzedadmin.qa.testcases.ContentTest">
    <skipped/>
  </testcase> <!-- @BeforeMethod initialization -->
  <testcase name="@BeforeMethod setup" time="0.0" classname="com.enhanzedadmin.qa.testcases.ContentTest">
    <skipped/>
  </testcase> <!-- @BeforeMethod setup -->
  <testcase name="@AfterMethod end" time="0.0" classname="com.enhanzedadmin.qa.testcases.ContentTest">
    <skipped/>
  </testcase> <!-- @AfterMethod end -->
  <testcase name="addEmptyTopic" time="10.246" classname="com.enhanzedadmin.qa.testcases.ContentTest"/>
  <testcase name="addEmptyTopicName" time="21.089" classname="com.enhanzedadmin.qa.testcases.ContentTest"/>
  <testcase name="addEmptyTopicImage" time="10.7" classname="com.enhanzedadmin.qa.testcases.ContentTest"/>
  <testcase name="addDuplicateTopic" time="23.121" classname="com.enhanzedadmin.qa.testcases.ContentTest">
    <failure type="java.lang.AssertionError" message="The message is not displayed expected [Topic with the same name already exists] but found [Topic with the same name already exists.]">
      <![CDATA[java.lang.AssertionError: The message is not displayed expected [Topic with the same name already exists] but found [Topic with the same name already exists.]
	at org.testng.Assert.fail(Assert.java:94)
	at org.testng.Assert.failNotEquals(Assert.java:513)
	at org.testng.Assert.assertEqualsImpl(Assert.java:135)
	at org.testng.Assert.assertEquals(Assert.java:116)
	at org.testng.Assert.assertEquals(Assert.java:190)
	at com.enhanzedadmin.qa.testcases.ContentTest.addDuplicateTopic(ContentTest.java:115)
	at sun.reflect.NativeMethodAccessorImpl.invoke0(Native Method)
	at sun.reflect.NativeMethodAccessorImpl.invoke(Unknown Source)
	at sun.reflect.DelegatingMethodAccessorImpl.invoke(Unknown Source)
	at java.lang.reflect.Method.invoke(Unknown Source)
	at org.testng.internal.MethodInvocationHelper.invokeMethod(MethodInvocationHelper.java:86)
	at org.testng.internal.Invoker.invokeMethod(Invoker.java:645)
	at org.testng.internal.Invoker.invokeTestMethod(Invoker.java:822)
	at org.testng.internal.Invoker.invokeTestMethods(Invoker.java:1130)
	at org.testng.internal.TestMethodWorker.invokeTestMethods(TestMethodWorker.java:129)
	at org.testng.internal.TestMethodWorker.run(TestMethodWorker.java:112)
	at org.testng.TestRunner.privateRun(TestRunner.java:782)
	at org.testng.TestRunner.run(TestRunner.java:632)
	at org.testng.SuiteRunner.runTest(SuiteRunner.java:366)
	at org.testng.SuiteRunner.runSequentially(SuiteRunner.java:361)
	at org.testng.SuiteRunner.privateRun(SuiteRunner.java:319)
	at org.testng.SuiteRunner.run(SuiteRunner.java:268)
	at org.testng.SuiteRunnerWorker.runSuite(SuiteRunnerWorker.java:52)
	at org.testng.SuiteRunnerWorker.run(SuiteRunnerWorker.java:86)
	at org.testng.TestNG.runSuitesSequentially(TestNG.java:1244)
	at org.testng.TestNG.runSuitesLocally(TestNG.java:1169)
	at org.testng.TestNG.run(TestNG.java:1064)
	at org.testng.remote.RemoteTestNG.run(RemoteTestNG.java:113)
	at org.testng.remote.RemoteTestNG.initAndRun(RemoteTestNG.java:206)
	at org.testng.remote.RemoteTestNG.main(RemoteTestNG.java:177)
]]>
    </failure>
  </testcase> <!-- addDuplicateTopic -->
  <testcase name="addTopic" time="21.162" classname="com.enhanzedadmin.qa.testcases.ContentTest"/>
  <testcase name="checkAudioBlankCredentials" time="20.978" classname="com.enhanzedadmin.qa.testcases.ContentTest"/>
  <testcase name="checkBalnkCredentials" time="20.363" classname="com.enhanzedadmin.qa.testcases.ContentTest"/>
  <testcase name="checkBalnkCredentialsDurationCategory" time="20.532" classname="com.enhanzedadmin.qa.testcases.ContentTest"/>
  <testcase name="checkBalnkCredentialsFileUpload" time="21.19" classname="com.enhanzedadmin.qa.testcases.ContentTest"/>
  <testcase name="checkOnlyBlankTitle" time="31.648" classname="com.enhanzedadmin.qa.testcases.ContentTest"/>
  <testcase name="checkOnlyWhenAudioUploaded" time="32.095" classname="com.enhanzedadmin.qa.testcases.ContentTest"/>
  <testcase name="checkHtmlBlankData" time="17.806" classname="com.enhanzedadmin.qa.testcases.ContentTest"/>
  <testcase name="checkHtmlBalnkContentbody" time="18.058" classname="com.enhanzedadmin.qa.testcases.ContentTest"/>
  <testcase name="checkUploadingBlankHtml" time="17.736" classname="com.enhanzedadmin.qa.testcases.ContentTest"/>
  <testcase name="checkUploadingBlankFileandCategory" time="20.512" classname="com.enhanzedadmin.qa.testcases.ContentTest"/>
  <testcase name="checkUploadingBlankTitle" time="0.001" classname="com.enhanzedadmin.qa.testcases.ContentTest">
    <skipped/>
  </testcase> <!-- checkUploadingBlankTitle -->
  <testcase name="checkuploadPdfWhenBlank" time="0.001" classname="com.enhanzedadmin.qa.testcases.ContentTest">
    <skipped/>
  </testcase> <!-- checkuploadPdfWhenBlank -->
  <testcase name="checkinteractivity" time="0.003" classname="com.enhanzedadmin.qa.testcases.ContentTest">
    <skipped/>
  </testcase> <!-- checkinteractivity -->
  <testcase name="checkinteractivitywhenimageandsubcategorynotgiven" time="0.001" classname="com.enhanzedadmin.qa.testcases.ContentTest">
    <skipped/>
  </testcase> <!-- checkinteractivitywhenimageandsubcategorynotgiven -->
  <testcase name="checkaddingblankvideo" time="0.007" classname="com.enhanzedadmin.qa.testcases.ContentTest">
    <skipped/>
  </testcase> <!-- checkaddingblankvideo -->
  <testcase name="checkaddingdescriptionvideovideo" time="0.004" classname="com.enhanzedadmin.qa.testcases.ContentTest">
    <skipped/>
  </testcase> <!-- checkaddingdescriptionvideovideo -->
  <testcase name="checkaddingdurationvideovideo" time="0.001" classname="com.enhanzedadmin.qa.testcases.ContentTest">
    <skipped/>
  </testcase> <!-- checkaddingdurationvideovideo -->
  <testcase name="checkaddingfilevideowithoutdescription" time="0.002" classname="com.enhanzedadmin.qa.testcases.ContentTest">
    <skipped/>
  </testcase> <!-- checkaddingfilevideowithoutdescription -->
  <testcase name="checkaddingquizobject" time="0.002" classname="com.enhanzedadmin.qa.testcases.ContentTest">
    <skipped/>
  </testcase> <!-- checkaddingquizobject -->
  <testcase name="addobject" time="0.002" classname="com.enhanzedadmin.qa.testcases.ContentTest">
    <skipped/>
  </testcase> <!-- addobject -->
  <testcase name="addobject" time="0.001" classname="com.enhanzedadmin.qa.testcases.ContentTest">
    <skipped/>
  </testcase> <!-- addobject -->
  <testcase name="addobject" time="0.001" classname="com.enhanzedadmin.qa.testcases.ContentTest">
    <skipped/>
  </testcase> <!-- addobject -->
  <testcase name="addobject" time="0.001" classname="com.enhanzedadmin.qa.testcases.ContentTest">
    <skipped/>
  </testcase> <!-- addobject -->
  <testcase name="addobject" time="0.001" classname="com.enhanzedadmin.qa.testcases.ContentTest">
    <skipped/>
  </testcase> <!-- addobject -->
</testsuite> <!-- Default test -->
