<?xml version="1.0" encoding="UTF-8"?>
<!-- Generated by org.testng.reporters.JUnitReportReporter -->
<testsuite hostname="DESKTOP-UQCRR3T" name="com.enhanzedadmin.qa.testcases.ManageUserTest" tests="31" failures="0" timestamp="21 Jan 2020 11:39:04 GMT" time="1161.922" errors="2">
  <testcase name="searchUsers" time="32.523" classname="com.enhanzedadmin.qa.testcases.ManageUserTest"/>
  <testcase name="searchUsersname" time="32.246" classname="com.enhanzedadmin.qa.testcases.ManageUserTest"/>
  <testcase name="createuser" time="44.025" classname="com.enhanzedadmin.qa.testcases.ManageUserTest"/>
  <testcase name="searchUsers" time="30.544" classname="com.enhanzedadmin.qa.testcases.ManageUserTest"/>
  <testcase name="searchUsersname" time="31.691" classname="com.enhanzedadmin.qa.testcases.ManageUserTest"/>
  <testcase name="checkUserDetailsEmailblank" time="37.186" classname="com.enhanzedadmin.qa.testcases.ManageUserTest"/>
  <testcase name="searchUsersname" time="32.117" classname="com.enhanzedadmin.qa.testcases.ManageUserTest"/>
  <testcase name="checkCreateUserUI" time="131.783" classname="com.enhanzedadmin.qa.testcases.ManageUserTest">
    <error type="org.openqa.selenium.NoSuchElementException" message="no such element: Unable to locate element: {&quot;method&quot;:&quot;xpath&quot;,&quot;selector&quot;:&quot;//select[contains(@ng-model,&#039;groupid&#039;)]&quot;}
  (Session info: chrome=79.0.3945.130)
For documentation on this error, please visit: https://www.seleniumhq.org/exceptions/no_such_element.html
Build info: version: &#039;3.141.59&#039;, revision: &#039;e82be7d358&#039;, time: &#039;2018-11-14T08:17:03&#039;
System info: host: &#039;DESKTOP-UQCRR3T&#039;, ip: &#039;192.168.0.106&#039;, os.name: &#039;Windows 10&#039;, os.arch: &#039;amd64&#039;, os.version: &#039;10.0&#039;, java.version: &#039;1.8.0_191&#039;
Driver info: org.openqa.selenium.chrome.ChromeDriver
Capabilities {acceptInsecureCerts: false, browserName: chrome, browserVersion: 79.0.3945.130, chrome: {chromedriverVersion: 78.0.3904.70 (edb9c9f3de024..., userDataDir: C:\Users\VITNIT~1\AppData\L...}, goog:chromeOptions: {debuggerAddress: localhost:53981}, javascriptEnabled: true, networkConnectionEnabled: false, pageLoadStrategy: normal, platform: XP, platformName: XP, proxy: Proxy(), setWindowRect: true, strictFileInteractability: false, timeouts: {implicit: 0, pageLoad: 300000, script: 30000}, unhandledPromptBehavior: dismiss and notify}
Session ID: 7b72fe650f026116f0b4e09983e7bebf
*** Element info: {Using=xpath, value=//select[contains(@ng-model,&#039;groupid&#039;)]}">
      <![CDATA[org.openqa.selenium.NoSuchElementException: no such element: Unable to locate element: {"method":"xpath","selector":"//select[contains(@ng-model,'groupid')]"}
  (Session info: chrome=79.0.3945.130)
For documentation on this error, please visit: https://www.seleniumhq.org/exceptions/no_such_element.html
Build info: version: '3.141.59', revision: 'e82be7d358', time: '2018-11-14T08:17:03'
System info: host: 'DESKTOP-UQCRR3T', ip: '192.168.0.106', os.name: 'Windows 10', os.arch: 'amd64', os.version: '10.0', java.version: '1.8.0_191'
Driver info: org.openqa.selenium.chrome.ChromeDriver
Capabilities {acceptInsecureCerts: false, browserName: chrome, browserVersion: 79.0.3945.130, chrome: {chromedriverVersion: 78.0.3904.70 (edb9c9f3de024..., userDataDir: C:\Users\VITNIT~1\AppData\L...}, goog:chromeOptions: {debuggerAddress: localhost:53981}, javascriptEnabled: true, networkConnectionEnabled: false, pageLoadStrategy: normal, platform: XP, platformName: XP, proxy: Proxy(), setWindowRect: true, strictFileInteractability: false, timeouts: {implicit: 0, pageLoad: 300000, script: 30000}, unhandledPromptBehavior: dismiss and notify}
Session ID: 7b72fe650f026116f0b4e09983e7bebf
*** Element info: {Using=xpath, value=//select[contains(@ng-model,'groupid')]}
	at sun.reflect.NativeConstructorAccessorImpl.newInstance0(Native Method)
	at sun.reflect.NativeConstructorAccessorImpl.newInstance(Unknown Source)
	at sun.reflect.DelegatingConstructorAccessorImpl.newInstance(Unknown Source)
	at java.lang.reflect.Constructor.newInstance(Unknown Source)
	at org.openqa.selenium.remote.http.W3CHttpResponseCodec.createException(W3CHttpResponseCodec.java:187)
	at org.openqa.selenium.remote.http.W3CHttpResponseCodec.decode(W3CHttpResponseCodec.java:122)
	at org.openqa.selenium.remote.http.W3CHttpResponseCodec.decode(W3CHttpResponseCodec.java:49)
	at org.openqa.selenium.remote.HttpCommandExecutor.execute(HttpCommandExecutor.java:158)
	at org.openqa.selenium.remote.service.DriverCommandExecutor.execute(DriverCommandExecutor.java:83)
	at org.openqa.selenium.remote.RemoteWebDriver.execute(RemoteWebDriver.java:552)
	at org.openqa.selenium.remote.RemoteWebDriver.findElement(RemoteWebDriver.java:323)
	at org.openqa.selenium.remote.RemoteWebDriver.findElementByXPath(RemoteWebDriver.java:428)
	at org.openqa.selenium.By$ByXPath.findElement(By.java:353)
	at org.openqa.selenium.remote.RemoteWebDriver.findElement(RemoteWebDriver.java:315)
	at org.openqa.selenium.support.pagefactory.DefaultElementLocator.findElement(DefaultElementLocator.java:69)
	at org.openqa.selenium.support.pagefactory.internal.LocatingElementHandler.invoke(LocatingElementHandler.java:38)
	at com.sun.proxy.$Proxy19.isDisplayed(Unknown Source)
	at com.enhanzedadmin.qa.pages.CreateUser.checkGroup(CreateUser.java:289)
	at com.enhanzedadmin.qa.testcases.ManageUserTest.checkCreateUserUI(ManageUserTest.java:111)
	at sun.reflect.NativeMethodAccessorImpl.invoke0(Native Method)
	at sun.reflect.NativeMethodAccessorImpl.invoke(Unknown Source)
	at sun.reflect.DelegatingMethodAccessorImpl.invoke(Unknown Source)
	at java.lang.reflect.Method.invoke(Unknown Source)
	at org.testng.internal.MethodInvocationHelper.invokeMethod(MethodInvocationHelper.java:86)
	at org.testng.internal.Invoker.invokeMethod(Invoker.java:645)
	at org.testng.internal.Invoker.invokeTestMethod(Invoker.java:822)
	at org.testng.internal.Invoker.invokeTestMethods(Invoker.java:1130)
	at org.testng.internal.TestMethodWorker.invokeTestMethods(TestMethodWorker.java:129)
	at org.testng.internal.TestMethodWorker.run(TestMethodWorker.java:112)
	at org.testng.TestRunner.privateRun(TestRunner.java:782)
	at org.testng.TestRunner.run(TestRunner.java:632)
	at org.testng.SuiteRunner.runTest(SuiteRunner.java:366)
	at org.testng.SuiteRunner.runSequentially(SuiteRunner.java:361)
	at org.testng.SuiteRunner.privateRun(SuiteRunner.java:319)
	at org.testng.SuiteRunner.run(SuiteRunner.java:268)
	at org.testng.SuiteRunnerWorker.runSuite(SuiteRunnerWorker.java:52)
	at org.testng.SuiteRunnerWorker.run(SuiteRunnerWorker.java:86)
	at org.testng.TestNG.runSuitesSequentially(TestNG.java:1244)
	at org.testng.TestNG.runSuitesLocally(TestNG.java:1169)
	at org.testng.TestNG.run(TestNG.java:1064)
	at org.testng.remote.RemoteTestNG.run(RemoteTestNG.java:113)
	at org.testng.remote.RemoteTestNG.initAndRun(RemoteTestNG.java:206)
	at org.testng.remote.RemoteTestNG.main(RemoteTestNG.java:177)
]]>
    </error>
  </testcase> <!-- checkCreateUserUI -->
  <testcase name="createduplicateuser" time="29.278" classname="com.enhanzedadmin.qa.testcases.ManageUserTest">
    <error type="java.lang.RuntimeException" message="java.lang.NullPointerException">
      <![CDATA[java.lang.RuntimeException: java.lang.NullPointerException
	at org.testng.internal.MethodInvocationHelper.invokeDataProvider(MethodInvocationHelper.java:163)
	at org.testng.internal.Parameters.handleParameters(Parameters.java:430)
	at org.testng.internal.Invoker.handleParameters(Invoker.java:1276)
	at org.testng.internal.Invoker.createParameters(Invoker.java:991)
	at org.testng.internal.Invoker.invokeTestMethods(Invoker.java:1081)
	at org.testng.internal.TestMethodWorker.invokeTestMethods(TestMethodWorker.java:129)
	at org.testng.internal.TestMethodWorker.run(TestMethodWorker.java:112)
	at org.testng.TestRunner.privateRun(TestRunner.java:782)
	at org.testng.TestRunner.run(TestRunner.java:632)
	at org.testng.SuiteRunner.runTest(SuiteRunner.java:366)
	at org.testng.SuiteRunner.runSequentially(SuiteRunner.java:361)
	at org.testng.SuiteRunner.privateRun(SuiteRunner.java:319)
	at org.testng.SuiteRunner.run(SuiteRunner.java:268)
	at org.testng.SuiteRunnerWorker.runSuite(SuiteRunnerWorker.java:52)
	at org.testng.SuiteRunnerWorker.run(SuiteRunnerWorker.java:86)
	at org.testng.TestNG.runSuitesSequentially(TestNG.java:1244)
	at org.testng.TestNG.runSuitesLocally(TestNG.java:1169)
	at org.testng.TestNG.run(TestNG.java:1064)
	at org.testng.remote.RemoteTestNG.run(RemoteTestNG.java:113)
	at org.testng.remote.RemoteTestNG.initAndRun(RemoteTestNG.java:206)
	at org.testng.remote.RemoteTestNG.main(RemoteTestNG.java:177)
Caused by: java.lang.NullPointerException
	at com.enhamzed.qa.util.TestUtil.getTestData(TestUtil.java:42)
	at com.enhanzedadmin.qa.testcases.ManageUserTest.getTestData(ManageUserTest.java:51)
	at sun.reflect.NativeMethodAccessorImpl.invoke0(Native Method)
	at sun.reflect.NativeMethodAccessorImpl.invoke(Unknown Source)
	at sun.reflect.DelegatingMethodAccessorImpl.invoke(Unknown Source)
	at java.lang.reflect.Method.invoke(Unknown Source)
	at org.testng.internal.MethodInvocationHelper.invokeMethod(MethodInvocationHelper.java:86)
	at org.testng.internal.MethodInvocationHelper.invokeDataProvider(MethodInvocationHelper.java:137)
	... 20 more
]]>
    </error>
  </testcase> <!-- createduplicateuser -->
  <testcase name="checkUserDetailsGenderBlank" time="38.013" classname="com.enhanzedadmin.qa.testcases.ManageUserTest"/>
  <testcase name="searchUsersname" time="34.231" classname="com.enhanzedadmin.qa.testcases.ManageUserTest"/>
  <testcase name="searchUsers" time="33.015" classname="com.enhanzedadmin.qa.testcases.ManageUserTest"/>
  <testcase name="cancelNewCreateUser" time="40.308" classname="com.enhanzedadmin.qa.testcases.ManageUserTest"/>
  <testcase name="checkbreadcrumb" time="30.386" classname="com.enhanzedadmin.qa.testcases.ManageUserTest"/>
  <testcase name="searchUsers" time="32.522" classname="com.enhanzedadmin.qa.testcases.ManageUserTest"/>
  <testcase name="searchUsersname" time="30.075" classname="com.enhanzedadmin.qa.testcases.ManageUserTest"/>
  <testcase name="searchUsers" time="31.079" classname="com.enhanzedadmin.qa.testcases.ManageUserTest"/>
  <testcase name="checkUserDetailsNameBlank" time="34.135" classname="com.enhanzedadmin.qa.testcases.ManageUserTest"/>
  <testcase name="searchUsersname" time="32.677" classname="com.enhanzedadmin.qa.testcases.ManageUserTest"/>
  <testcase name="searchUsers" time="32.003" classname="com.enhanzedadmin.qa.testcases.ManageUserTest"/>
  <testcase name="searchUsers" time="32.037" classname="com.enhanzedadmin.qa.testcases.ManageUserTest"/>
  <testcase name="createuser" time="43.518" classname="com.enhanzedadmin.qa.testcases.ManageUserTest"/>
  <testcase name="searchUsers" time="31.694" classname="com.enhanzedadmin.qa.testcases.ManageUserTest"/>
  <testcase name="checkUserRoleBlank" time="34.716" classname="com.enhanzedadmin.qa.testcases.ManageUserTest"/>
  <testcase name="checkUsersUI" time="28.752" classname="com.enhanzedadmin.qa.testcases.ManageUserTest"/>
  <testcase name="searchUsersname" time="33.788" classname="com.enhanzedadmin.qa.testcases.ManageUserTest"/>
  <testcase name="wrongEmailFormatCheck" time="34.746" classname="com.enhanzedadmin.qa.testcases.ManageUserTest"/>
  <testcase name="checkPagination" time="80.368" classname="com.enhanzedadmin.qa.testcases.ManageUserTest"/>
  <testcase name="searchUsers" time="31.485" classname="com.enhanzedadmin.qa.testcases.ManageUserTest"/>
  <testcase name="searchUsers" time="32.113" classname="com.enhanzedadmin.qa.testcases.ManageUserTest"/>
  <testcase name="searchUsersname" time="8.868" classname="com.enhanzedadmin.qa.testcases.ManageUserTest"/>
</testsuite> <!-- com.enhanzedadmin.qa.testcases.ManageUserTest -->
